Using pre-set license
Built from '2020.3/staging' branch; Version is '2020.3.35f1 (18e4db7a9996) revision 1631451'; Using compiler version '192528614'; Build Type 'Release'
OS: 'Windows 10  (10.0.19044) 64bit Professional' Language: 'zh' Physical Memory: 32601 MB
BatchMode: 1, IsHumanControllingUs: 0, StartBugReporterOnCrash: 0, Is64bit: 1, IsPro: 0

COMMAND LINE ARGUMENTS:
C:\Unity\Unity2020.3.35f1\Editor\Unity.exe
-adb2
-batchMode
-noUpm
-name
AssetImportWorker0
-projectPath
H:/UnityPro/Framework_SCQ/Framework_UClient
-logFile
Logs/AssetImportWorker0.log
-srvPort
51496
Successfully changed project path to: H:/UnityPro/Framework_SCQ/Framework_UClient
H:/UnityPro/Framework_SCQ/Framework_UClient
Using Asset Import Pipeline V2.
Refreshing native plugins compatible for Editor in 52.44 ms, found 2 plugins.
Preloading 0 native plugins for Editor in 0.00 ms.
Initialize engine version: 2020.3.35f1 (18e4db7a9996)
[Subsystems] Discovering subsystems at path C:/Unity/Unity2020.3.35f1/Editor/Data/Resources/UnitySubsystems
[Subsystems] Discovering subsystems at path H:/UnityPro/Framework_SCQ/Framework_UClient/Assets
GfxDevice: creating device client; threaded=0
Direct3D:
    Version:  Direct3D 11.0 [level 11.1]
    Renderer: NVIDIA GeForce RTX 2060 (ID=0x1f08)
    Vendor:   
    VRAM:     5980 MB
    Driver:   30.0.15.1215
Initialize mono
Mono path[0] = 'C:/Unity/Unity2020.3.35f1/Editor/Data/Managed'
Mono path[1] = 'C:/Unity/Unity2020.3.35f1/Editor/Data/MonoBleedingEdge/lib/mono/unityjit'
Mono config path = 'C:/Unity/Unity2020.3.35f1/Editor/Data/MonoBleedingEdge/etc'
Using monoOptions --debugger-agent=transport=dt_socket,embedding=1,server=y,suspend=n,address=127.0.0.1:56120
Begin MonoManager ReloadAssembly
Registering precompiled unity dll's ...
Register platform support module: C:/Unity/Unity2020.3.35f1/Editor/Data/PlaybackEngines/WindowsStandaloneSupport/UnityEditor.WindowsStandalone.Extensions.dll
Registered in 0.000817 seconds.
Native extension for WindowsStandalone target not found
Refreshing native plugins compatible for Editor in 48.55 ms, found 2 plugins.
Preloading 0 native plugins for Editor in 0.00 ms.
Mono: successfully reloaded assembly
- Completed reload, in  0.399 seconds
Domain Reload Profiling:
	ReloadAssembly (399ms)
		BeginReloadAssembly (38ms)
			ExecutionOrderSort (0ms)
			DisableScriptedObjects (0ms)
			BackupInstance (0ms)
			ReleaseScriptingObjects (0ms)
			CreateAndSetChildDomain (1ms)
		EndReloadAssembly (315ms)
			LoadAssemblies (37ms)
			RebuildTransferFunctionScriptingTraits (0ms)
			SetupTypeCache (94ms)
			ReleaseScriptCaches (0ms)
			RebuildScriptCaches (22ms)
			SetupLoadedEditorAssemblies (136ms)
				LogAssemblyErrors (0ms)
				InitializePlatformSupportModulesInManaged (3ms)
				SetLoadedEditorAssemblies (0ms)
				RefreshPlugins (49ms)
				BeforeProcessingInitializeOnLoad (9ms)
				ProcessInitializeOnLoadAttributes (56ms)
				ProcessInitializeOnLoadMethodAttributes (18ms)
				AfterProcessingInitializeOnLoad (0ms)
				EditorAssembliesLoaded (0ms)
			ExecutionOrderSort2 (0ms)
			AwakeInstancesAfterBackupRestoration (0ms)
Platform modules already initialized, skipping
Registering precompiled user dll's ...
Registered in 0.004972 seconds.
Begin MonoManager ReloadAssembly
Native extension for WindowsStandalone target not found
Refreshing native plugins compatible for Editor in 0.66 ms, found 2 plugins.
Preloading 0 native plugins for Editor in 0.00 ms.
Mono: successfully reloaded assembly
- Completed reload, in  0.819 seconds
Domain Reload Profiling:
	ReloadAssembly (820ms)
		BeginReloadAssembly (96ms)
			ExecutionOrderSort (0ms)
			DisableScriptedObjects (3ms)
			BackupInstance (0ms)
			ReleaseScriptingObjects (0ms)
			CreateAndSetChildDomain (14ms)
		EndReloadAssembly (687ms)
			LoadAssemblies (70ms)
			RebuildTransferFunctionScriptingTraits (0ms)
			SetupTypeCache (230ms)
			ReleaseScriptCaches (0ms)
			RebuildScriptCaches (42ms)
			SetupLoadedEditorAssemblies (293ms)
				LogAssemblyErrors (0ms)
				InitializePlatformSupportModulesInManaged (4ms)
				SetLoadedEditorAssemblies (0ms)
				RefreshPlugins (1ms)
				BeforeProcessingInitializeOnLoad (68ms)
				ProcessInitializeOnLoadAttributes (184ms)
				ProcessInitializeOnLoadMethodAttributes (34ms)
				AfterProcessingInitializeOnLoad (2ms)
				EditorAssembliesLoaded (0ms)
			ExecutionOrderSort2 (0ms)
			AwakeInstancesAfterBackupRestoration (1ms)
Platform modules already initialized, skipping
========================================================================
Worker process is ready to serve import requests
Shader 'FairyGUI/TextMeshPro/Distance Field': fallback shader 'TextMeshPro/Mobile/Distance Field' not found
Shader 'FairyGUI/TextMeshPro/Distance Field': fallback shader 'TextMeshPro/Mobile/Distance Field' not found
Launched and connected shader compiler UnityShaderCompiler.exe after 0.03 seconds
Refreshing native plugins compatible for Editor in 1.28 ms, found 2 plugins.
Preloading 0 native plugins for Editor in 0.00 ms.
Unloading 2992 Unused Serialized files (Serialized files now loaded: 0)
System memory in use before: 115.1 MB.
System memory in use after: 115.2 MB.

Unloading 77 unused Assets to reduce memory usage. Loaded Objects now: 3406.
Total: 4.456700 ms (FindLiveObjects: 0.158900 ms CreateObjectMapping: 0.068300 ms MarkObjects: 4.106500 ms  DeleteObjects: 0.122200 ms)

AssetImportParameters requested are different than current active one (requested -> active):
  custom:framework-win-MediaFoundation: 216162199b28c13a410421893ffa2e32 -> 
  custom:video-decoder-ogg-theora: a1e56fd34408186e4bbccfd4996cb3dc -> 
  custom:container-muxer-webm: aa71ff27fc2769a1b78a27578f13a17b -> 
  custom:container-demuxer-webm: 4f35f7cbe854078d1ac9338744f61a02 -> 
  custom:container-demuxer-ogg: 62fdf1f143b41e24485cea50d1cbac27 -> 
  custom:video-encoder-webm-vp8: eb34c28f22e8b96e1ab97ce403110664 -> 
  custom:video-decoder-webm-vp8: 9c59270c3fd7afecdb556c50c9e8de78 -> 
  custom:audio-decoder-ogg-vorbis: bf7c407c2cedff20999df2af8eb42d56 -> 
  custom:audio-encoder-webm-vorbis: bf7c407c2cedff20999df2af8eb42d56 -> 
========================================================================
Received Import Request.
  path: Assets/_AssetBundleRes/GameRood/GameRood.jpg
  artifactKey: Guid(92e0c669a36ef344987d2539a4bf8e25) Importer(815301076,1909f56bfc062723c751e8b465ee728b)
Start importing Assets/_AssetBundleRes/GameRood/GameRood.jpg using Guid(92e0c669a36ef344987d2539a4bf8e25) Importer(815301076,1909f56bfc062723c751e8b465ee728b)  -> (artifact id: '40992c1c78acb199a9437fd55d598139') in 0.099109 seconds 
========================================================================
Received Import Request.
  Time since last request: 0.000288 seconds.
  path: Assets/_AssetBundleRes/GameRood/GameRood1.jpg
  artifactKey: Guid(fdd8c361d15744b4199e12ef9f4cec36) Importer(815301076,1909f56bfc062723c751e8b465ee728b)
Start importing Assets/_AssetBundleRes/GameRood/GameRood1.jpg using Guid(fdd8c361d15744b4199e12ef9f4cec36) Importer(815301076,1909f56bfc062723c751e8b465ee728b)  -> (artifact id: '51d45751d6e5e04ab8c8e83a108d44b7') in 0.019813 seconds 
========================================================================
Received Import Request.
  Time since last request: 1.461907 seconds.
  path: Assets/_AppCommon
  artifactKey: Guid(b4be68cda43102b47a5b5c1ff0b4efb9) Importer(815301076,1909f56bfc062723c751e8b465ee728b)
Start importing Assets/_AppCommon using Guid(b4be68cda43102b47a5b5c1ff0b4efb9) Importer(815301076,1909f56bfc062723c751e8b465ee728b)  -> (artifact id: '710d7db0511190e09da637ac087d6604') in 0.007095 seconds 
========================================================================
Received Import Request.
  Time since last request: 1.712998 seconds.
  path: Assets/_AppCommon/ModuleUI
  artifactKey: Guid(ca5142f5407d6ea4686d8eaf03d5ef8d) Importer(815301076,1909f56bfc062723c751e8b465ee728b)
Start importing Assets/_AppCommon/ModuleUI using Guid(ca5142f5407d6ea4686d8eaf03d5ef8d) Importer(815301076,1909f56bfc062723c751e8b465ee728b)  -> (artifact id: 'cc2efb3ef4f849fe519cfd9d2e92f2b8') in 0.005809 seconds 
========================================================================
Received Import Request.
  Time since last request: 1.141986 seconds.
  path: Assets/_AppCommon/ModuleUI/Load
  artifactKey: Guid(70ec77afd65101941b8c208146c72c71) Importer(815301076,1909f56bfc062723c751e8b465ee728b)
Start importing Assets/_AppCommon/ModuleUI/Load using Guid(70ec77afd65101941b8c208146c72c71) Importer(815301076,1909f56bfc062723c751e8b465ee728b)  -> (artifact id: '77e98c6f0e843d8a1e074a93191dd27d') in 0.005902 seconds 
========================================================================
Received Import Request.
  Time since last request: 26.094187 seconds.
  path: Assets/_AppBase/Scene/0_MainScene.unity
  artifactKey: Guid(c9b4c370295e1a841af050a2d7b1feec) Importer(815301076,1909f56bfc062723c751e8b465ee728b)
Start importing Assets/_AppBase/Scene/0_MainScene.unity using Guid(c9b4c370295e1a841af050a2d7b1feec) Importer(815301076,1909f56bfc062723c751e8b465ee728b)  -> (artifact id: '4d37531c94f6ac6737727f87d4e314be') in 0.006067 seconds 
========================================================================
Received Import Request.
  Time since last request: 6.468032 seconds.
  path: Assets/_AssetBundleRes
  artifactKey: Guid(c8d331b60aefdb64585dea27bc7a612c) Importer(815301076,1909f56bfc062723c751e8b465ee728b)
Start importing Assets/_AssetBundleRes using Guid(c8d331b60aefdb64585dea27bc7a612c) Importer(815301076,1909f56bfc062723c751e8b465ee728b)  -> (artifact id: '4a131f19aad464468b050652f85464f2') in 0.006089 seconds 
========================================================================
Received Import Request.
  Time since last request: 0.387580 seconds.
  path: Assets/_Editor
  artifactKey: Guid(0a87901e130068944b4156298c7349d6) Importer(815301076,1909f56bfc062723c751e8b465ee728b)
Start importing Assets/_Editor using Guid(0a87901e130068944b4156298c7349d6) Importer(815301076,1909f56bfc062723c751e8b465ee728b)  -> (artifact id: '0c70ba213d00475e0ea1b65e75532ce0') in 0.006132 seconds 
========================================================================
Received Import Request.
  Time since last request: 0.932840 seconds.
  path: Assets/_Editor/FutureEditorLib
  artifactKey: Guid(4e284f3ef32729742b753a102c359630) Importer(815301076,1909f56bfc062723c751e8b465ee728b)
Start importing Assets/_Editor/FutureEditorLib using Guid(4e284f3ef32729742b753a102c359630) Importer(815301076,1909f56bfc062723c751e8b465ee728b)  -> (artifact id: 'd4f6bfbbde74846f0773af2cc43e45e8') in 0.005685 seconds 
========================================================================
Received Import Request.
  Time since last request: 1.425442 seconds.
  path: Assets/_Editor/FutureEditorTool
  artifactKey: Guid(1e4a44e2e9a77984ebaa2da937c4a550) Importer(815301076,1909f56bfc062723c751e8b465ee728b)
Start importing Assets/_Editor/FutureEditorTool using Guid(1e4a44e2e9a77984ebaa2da937c4a550) Importer(815301076,1909f56bfc062723c751e8b465ee728b)  -> (artifact id: '9ae82cc7ec26cef775482a286500779e') in 0.006509 seconds 
========================================================================
Received Import Request.
  Time since last request: 0.735494 seconds.
  path: Assets/_Editor/FutureEditorTool/Editor
  artifactKey: Guid(1f19be743e6e6c64ea33566287167ee8) Importer(815301076,1909f56bfc062723c751e8b465ee728b)
Start importing Assets/_Editor/FutureEditorTool/Editor using Guid(1f19be743e6e6c64ea33566287167ee8) Importer(815301076,1909f56bfc062723c751e8b465ee728b)  -> (artifact id: '8b0bfd4839da94fdb03f65d9e322eafb') in 0.005704 seconds 
========================================================================
Received Prepare
Registering precompiled user dll's ...
Registered in 0.005297 seconds.
Begin MonoManager ReloadAssembly
Native extension for WindowsStandalone target not found
Refreshing native plugins compatible for Editor in 0.84 ms, found 2 plugins.
Preloading 0 native plugins for Editor in 0.00 ms.
Mono: successfully reloaded assembly
- Completed reload, in  0.792 seconds
Domain Reload Profiling:
	ReloadAssembly (793ms)
		BeginReloadAssembly (92ms)
			ExecutionOrderSort (0ms)
			DisableScriptedObjects (4ms)
			BackupInstance (0ms)
			ReleaseScriptingObjects (0ms)
			CreateAndSetChildDomain (30ms)
		EndReloadAssembly (657ms)
			LoadAssemblies (70ms)
			RebuildTransferFunctionScriptingTraits (0ms)
			SetupTypeCache (209ms)
			ReleaseScriptCaches (1ms)
			RebuildScriptCaches (42ms)
			SetupLoadedEditorAssemblies (280ms)
				LogAssemblyErrors (0ms)
				InitializePlatformSupportModulesInManaged (4ms)
				SetLoadedEditorAssemblies (0ms)
				RefreshPlugins (1ms)
				BeforeProcessingInitializeOnLoad (70ms)
				ProcessInitializeOnLoadAttributes (170ms)
				ProcessInitializeOnLoadMethodAttributes (33ms)
				AfterProcessingInitializeOnLoad (2ms)
				EditorAssembliesLoaded (0ms)
			ExecutionOrderSort2 (0ms)
			AwakeInstancesAfterBackupRestoration (2ms)
Platform modules already initialized, skipping
Shader 'FairyGUI/TextMeshPro/Distance Field': fallback shader 'TextMeshPro/Mobile/Distance Field' not found
Shader 'FairyGUI/TextMeshPro/Distance Field': fallback shader 'TextMeshPro/Mobile/Distance Field' not found
Refreshing native plugins compatible for Editor in 0.74 ms, found 2 plugins.
Preloading 0 native plugins for Editor in 0.00 ms.
Unloading 2978 Unused Serialized files (Serialized files now loaded: 0)
System memory in use before: 117.0 MB.
System memory in use after: 117.2 MB.

Unloading 68 unused Assets to reduce memory usage. Loaded Objects now: 3417.
Total: 4.125200 ms (FindLiveObjects: 0.155800 ms CreateObjectMapping: 0.074400 ms MarkObjects: 3.830300 ms  DeleteObjects: 0.064100 ms)

AssetImportParameters requested are different than current active one (requested -> active):
  custom:framework-win-MediaFoundation: 216162199b28c13a410421893ffa2e32 -> 
  custom:video-decoder-ogg-theora: a1e56fd34408186e4bbccfd4996cb3dc -> 
  custom:container-muxer-webm: aa71ff27fc2769a1b78a27578f13a17b -> 
  custom:container-demuxer-webm: 4f35f7cbe854078d1ac9338744f61a02 -> 
  custom:container-demuxer-ogg: 62fdf1f143b41e24485cea50d1cbac27 -> 
  custom:video-encoder-webm-vp8: eb34c28f22e8b96e1ab97ce403110664 -> 
  custom:video-decoder-webm-vp8: 9c59270c3fd7afecdb556c50c9e8de78 -> 
  custom:audio-decoder-ogg-vorbis: bf7c407c2cedff20999df2af8eb42d56 -> 
  custom:audio-encoder-webm-vorbis: bf7c407c2cedff20999df2af8eb42d56 -> 
========================================================================
Received Import Request.
  Time since last request: 43.663745 seconds.
  path: Assets/_Editor/FutureEditorTool/Editor/SvnTool
  artifactKey: Guid(ca3b78d45b8c98e46b38b3dab94386dd) Importer(815301076,1909f56bfc062723c751e8b465ee728b)
Start importing Assets/_Editor/FutureEditorTool/Editor/SvnTool using Guid(ca3b78d45b8c98e46b38b3dab94386dd) Importer(815301076,1909f56bfc062723c751e8b465ee728b)  -> (artifact id: '0ce1c331de207b29dcb16a1cc492c8ff') in 0.008708 seconds 
========================================================================
Received Import Request.
  Time since last request: 0.363379 seconds.
  path: Assets/_Editor/FutureEditorTool/Editor/SvnTool/SVNUtils.cs
  artifactKey: Guid(0de7df9bc65c0884d835b3a4660cd62a) Importer(815301076,1909f56bfc062723c751e8b465ee728b)
Start importing Assets/_Editor/FutureEditorTool/Editor/SvnTool/SVNUtils.cs using Guid(0de7df9bc65c0884d835b3a4660cd62a) Importer(815301076,1909f56bfc062723c751e8b465ee728b)  -> (artifact id: 'f83c9963ae8402afdf4ba3886c8c1173') in 0.006443 seconds 
========================================================================
Received Import Request.
  Time since last request: 17.203116 seconds.
  path: Assets/_Editor/FutureEditorTool/Editor/Toolbar
  artifactKey: Guid(9df3b0657d86ba04ebeb0da4c5c09b07) Importer(815301076,1909f56bfc062723c751e8b465ee728b)
Start importing Assets/_Editor/FutureEditorTool/Editor/Toolbar using Guid(9df3b0657d86ba04ebeb0da4c5c09b07) Importer(815301076,1909f56bfc062723c751e8b465ee728b)  -> (artifact id: '65c415444d1e992e722d6cd0308b9e6b') in 0.006083 seconds 
========================================================================
Received Import Request.
  Time since last request: 10.463934 seconds.
  path: Assets/_Editor/FutureEditorTool/Editor/EditorToolbar
  artifactKey: Guid(9df3b0657d86ba04ebeb0da4c5c09b07) Importer(815301076,1909f56bfc062723c751e8b465ee728b)
Start importing Assets/_Editor/FutureEditorTool/Editor/EditorToolbar using Guid(9df3b0657d86ba04ebeb0da4c5c09b07) Importer(815301076,1909f56bfc062723c751e8b465ee728b)  -> (artifact id: 'd0813b7037a912ed0b4f9c93e5faef0b') in 0.006594 seconds 
========================================================================
Received Import Request.
  Time since last request: 4.370344 seconds.
  path: Assets/_Editor/FutureEditorTool/Editor/EditorToolbar/ToolbarCallback.cs
  artifactKey: Guid(89b68bece52311e489a432c57376c519) Importer(815301076,1909f56bfc062723c751e8b465ee728b)
Start importing Assets/_Editor/FutureEditorTool/Editor/EditorToolbar/ToolbarCallback.cs using Guid(89b68bece52311e489a432c57376c519) Importer(815301076,1909f56bfc062723c751e8b465ee728b)  -> (artifact id: '83fe934e310c371d86b096f37fc9d5fa') in 0.005897 seconds 
========================================================================
Received Import Request.
  Time since last request: 0.694234 seconds.
  path: Assets/_Editor/FutureEditorTool/Editor/EditorToolbar/ToolBarExtenderView.cs
  artifactKey: Guid(dee07fb1b26d1e746aac20fd96bcc6d6) Importer(815301076,1909f56bfc062723c751e8b465ee728b)
Start importing Assets/_Editor/FutureEditorTool/Editor/EditorToolbar/ToolBarExtenderView.cs using Guid(dee07fb1b26d1e746aac20fd96bcc6d6) Importer(815301076,1909f56bfc062723c751e8b465ee728b)  -> (artifact id: '29a4e20d817a0f65f89a925b53c96582') in 0.006327 seconds 
