
=== Fri Sep  3 18:38:24 2021

Packages were changed.
Update Mode: updateDependencies

The following packages were added:
  com.unity.analytics@3.3.2
  com.unity.purchasing@2.0.6
  com.unity.ads@2.0.8
  com.unity.package-manager-ui@2.2.0
  com.unity.ext.nunit@1.0.0
  com.unity.test-framework@1.0.13
  com.unity.ide.vscode@1.1.0
  com.unity.ide.rider@1.1.0
  com.unity.ugui@1.0.0
  com.unity.modules.androidjni@1.0.0
  com.unity.multiplayer-hlapi@1.0.2
  com.unity.xr.legacyinputhelpers@2.0.2
The following packages were updated:
  com.unity.collab-proxy from version 1.2.9 to 1.2.16
  com.unity.textmeshpro from version 2.0.0 to 2.0.1
  com.unity.timeline from version 0.0.0-builtin to 1.1.0

=== Mon Nov  1 11:43:24 2021

Packages were changed.
Update Mode: updateDependencies

The following packages were added:
  com.unity.ide.visualstudio@2.0.11
The following packages were updated:
  com.unity.ads from version 2.0.8 to 3.7.5
  com.unity.analytics from version 3.3.2 to 3.6.11
  com.unity.collab-proxy from version 1.2.16 to 1.12.5
  com.unity.ext.nunit from version 1.0.0 to 1.0.6
  com.unity.ide.rider from version 1.1.0 to 1.2.1
  com.unity.ide.vscode from version 1.1.0 to 1.2.4
  com.unity.multiplayer-hlapi from version 1.0.2 to 1.0.8
  com.unity.purchasing from version 2.0.6 to 4.0.3
  com.unity.test-framework from version 1.0.13 to 1.1.29
  com.unity.textmeshpro from version 2.0.1 to 2.1.4
  com.unity.timeline from version 1.1.0 to 1.2.18
  com.unity.xr.legacyinputhelpers from version 2.0.2 to 2.1.8
The following packages were removed:
  com.unity.package-manager-ui@2.2.0

=== Thu Aug 11 15:03:27 2022

Packages were changed.
Update Mode: updateDependencies

The following packages were updated:
  com.unity.ads from version 3.7.5 to 4.1.0
  com.unity.analytics from version 3.6.11 to 3.7.1
  com.unity.collab-proxy from version 1.15.18 to 1.17.1
  com.unity.ide.rider from version 1.2.1 to 3.0.15
  com.unity.ide.visualstudio from version 2.0.14 to 2.0.16
  com.unity.ide.vscode from version 1.2.4 to 1.2.5
  com.unity.purchasing from version 4.0.3 to 4.1.5
  com.unity.test-framework from version 1.1.29 to 1.1.31
  com.unity.textmeshpro from version 2.1.4 to 3.0.6
  com.unity.timeline from version 1.2.18 to 1.7.1
  com.unity.xr.legacyinputhelpers from version 2.1.8 to 2.1.9
The following packages were removed:
  com.unity.multiplayer-hlapi@1.0.8
